*** Starting uWSGI 2.0.15 (64bit) on [Sun Jul 30 18:20:53 2017] ***
compiled with version: 4.8.5 20150623 (Red Hat 4.8.5-11) on 14 July 2017 08:32:43
os: Linux-3.10.0-514.el7.x86_64 #1 SMP Tue Nov 22 16:42:41 UTC 2016
nodename: rtlab11.csie.ntust.edu.tw
machine: x86_64
clock source: unix
pcre jit disabled
detected number of CPU cores: 8
current working directory: /etc/nginx/html/WeArt
detected binary path: /usr/bin/uwsgi
*** WARNING: you are running uWSGI without its master process manager ***
your processes number limit is 4096
your memory page size is 4096 bytes
detected max file descriptor number: 1024
lock engine: pthread robust mutexes
thunder lock: disabled (you can enable it with --thunder-lock)
uWSGI http bound on :8002 fd 4
spawned uWSGI http 1 (pid: 14525)
uwsgi socket 0 bound to TCP address 127.0.0.1:45403 (port auto-assigned) fd 3
Python version: 2.7.5 (default, Nov  6 2016, 00:28:07)  [GCC 4.8.5 20150623 (Red Hat 4.8.5-11)]
*** Python threads support is disabled. You can enable it with --enable-threads ***
Python main interpreter initialized at 0xb59560
your server socket listen backlog is limited to 100 connections
your mercy for graceful operations on workers is 60 seconds
mapped 72760 bytes (71 KB) for 1 cores
*** Operational MODE: single process ***
WSGI app 0 (mountpoint='') ready in 0 seconds on interpreter 0xb59560 pid: 14524 (default app)
*** uWSGI is running in multiple interpreter mode ***
spawned uWSGI worker 1 (and the only) (pid: 14524, cores: 1)
[pid: 14524|app: 0|req: 1/1] 127.0.0.1 () {42 vars in 769 bytes} [Sun Jul 30 18:21:29 2017] GET / => generated 2825 bytes in 18 msecs (HTTP/1.0 200) 3 headers in 110 bytes (1 switches on core 0)
Gracefully killing worker 1 (pid: 14524)...
